<?xml version="1.0" encoding="UTF-8"?>
<!-- Generated by org.testng.reporters.JUnitReportReporter -->
<testsuite hostname="LAPTOP-RGJ526NM" failures="0" tests="1" name="Testcases.Search" time="52.069" errors="0" timestamp="2025-01-04T14:04:51 IST" skipped="0">
  <testcase classname="Testcases.Search" name="VerifySearchWithValidProductAndAddtocart" time="52.069"/>
</testsuite> <!-- Testcases.Search -->
