<?xml version="1.0" encoding="UTF-8"?>
<!-- Generated by org.testng.reporters.JUnitReportReporter -->
<testsuite hostname="LAPTOP-RGJ526NM" failures="0" tests="6" name="Testcases.Login" time="156.302" errors="0" timestamp="2025-01-04T11:03:09 IST" skipped="0">
  <testcase classname="Testcases.Login" name="verifyLoginWithValidCredentials" time="30.832"/>
  <testcase classname="Testcases.Login" name="verifyLoginWithValidCredentials" time="30.280"/>
  <testcase classname="Testcases.Login" name="verifyLoginWithInvalidCredentials" time="16.046"/>
  <testcase classname="Testcases.Login" name="verifyLoginWithInvalidEmailAndValidPassword" time="33.617"/>
  <testcase classname="Testcases.Login" name="verifyLoginWithValidEmailAndInvalidPassword" time="24.032"/>
  <testcase classname="Testcases.Login" name="verifyLoginWithoutProvidingCredentials" time="21.495"/>
</testsuite> <!-- Testcases.Login -->
