<?xml version="1.0" encoding="UTF-8"?>
<!-- Generated by org.testng.reporters.JUnitReportReporter -->
<testsuite hostname="LAPTOP-RGJ526NM" failures="0" tests="3" name="Testcases.ForgotpasswordTest" time="156.333" errors="0" timestamp="2025-01-05T07:05:35 IST" skipped="0">
  <testcase classname="Testcases.ForgotpasswordTest" name="VerifyForgotpasswordEnteringCorrectemail" time="47.677"/>
  <testcase classname="Testcases.ForgotpasswordTest" name="VerifyForgotpasswordEnteringInCorrectemail" time="35.477"/>
  <testcase classname="Testcases.ForgotpasswordTest" name="VerifyForgotpasswordWithoutEnteringFields" time="73.179"/>
</testsuite> <!-- Testcases.ForgotpasswordTest -->
