<?xml version="1.0" encoding="UTF-8"?>
<!-- Generated by org.testng.reporters.JUnitReportReporter -->
<testsuite hostname="LAPTOP-RGJ526NM" failures="0" tests="4" name="Testcases.Register" time="184.374" errors="0" timestamp="2025-01-04T11:03:09 IST" skipped="0">
  <testcase classname="Testcases.Register" name="verifyRegisteringAccountWithMandatoryFields" time="44.522"/>
  <testcase classname="Testcases.Register" name="verifyRegisteringAccountByProvidingAllFields" time="54.723"/>
  <testcase classname="Testcases.Register" name="verifyRegisteringAccountWithExistingEmailAddress" time="45.739"/>
  <testcase classname="Testcases.Register" name="verifyRegisteringAccountWithoutFillingDetails" time="39.390"/>
</testsuite> <!-- Testcases.Register -->
