<?xml version="1.0" encoding="UTF-8"?>
<!-- Generated by org.testng.reporters.JUnitReportReporter -->
<testsuite hostname="LAPTOP-RGJ526NM" failures="0" tests="3" name="Testcases.Forgotpassword" time="123.735" errors="0" timestamp="2025-01-04T11:03:09 IST" skipped="0">
  <testcase classname="Testcases.Forgotpassword" name="VerifyForgotpasswordEnteringCorrectemail" time="51.320"/>
  <testcase classname="Testcases.Forgotpassword" name="VerifyForgotpasswordEnteringInCorrectemail" time="34.963"/>
  <testcase classname="Testcases.Forgotpassword" name="VerifyForgotpasswordWithoutEnteringFields" time="37.452"/>
</testsuite> <!-- Testcases.Forgotpassword -->
